#
# There is insufficient memory for the Java Runtime Environment to continue.
# Native memory allocation (malloc) failed to allocate 280016 bytes for Chunk::new
# Possible reasons:
#   The system is out of physical RAM or swap space
#   In 32 bit mode, the process size limit was hit
# Possible solutions:
#   Reduce memory load on the system
#   Increase physical memory or swap space
#   Check if swap backing store is full
#   Use 64 bit Java on a 64 bit OS
#   Decrease Java heap size (-Xmx/-Xms)
#   Decrease number of Java threads
#   Decrease Java thread stack sizes (-Xss)
#   Set larger code cache with -XX:ReservedCodeCacheSize=
# This output file may be truncated or incomplete.
#
#  Out of Memory Error (allocation.cpp:328), pid=25564, tid=26484
#
# JRE version: 7.0_13-b20
# Java VM: Java HotSpot(TM) 64-Bit Server VM (23.7-b01 mixed mode windows-amd64 compressed oops)
# Failed to write core dump. Minidumps are not enabled by default on client versions of Windows
#

---------------  T H R E A D  ---------------

Current thread (0x0000000008e3c000):  JavaThread "C2 CompilerThread1" daemon [_thread_in_native, id=26484, stack(0x000000000a3f0000,0x000000000a4f0000)]

Stack: [0x000000000a3f0000,0x000000000a4f0000]

Current CompileTask:
C2:  10748  780             com.android.dx.dex.file.DebugInfoEncoder::convert0 (246 bytes)


---------------  P R O C E S S  ---------------

Java Threads: ( => current thread )
  0x0000000008e3c800 JavaThread "Service Thread" daemon [_thread_blocked, id=25212, stack(0x000000000a540000,0x000000000a640000)]
=>0x0000000008e3c000 JavaThread "C2 CompilerThread1" daemon [_thread_in_native, id=26484, stack(0x000000000a3f0000,0x000000000a4f0000)]
  0x0000000008e3a000 JavaThread "C2 CompilerThread0" daemon [_thread_in_native, id=25312, stack(0x000000000a220000,0x000000000a320000)]
  0x0000000008e38000 JavaThread "Attach Listener" daemon [_thread_blocked, id=25916, stack(0x000000000a110000,0x000000000a210000)]
  0x0000000008e31000 JavaThread "Signal Dispatcher" daemon [_thread_blocked, id=18832, stack(0x0000000009f50000,0x000000000a050000)]
  0x0000000002292000 JavaThread "Finalizer" daemon [_thread_blocked, id=26784, stack(0x0000000009e20000,0x0000000009f20000)]
  0x0000000008db2800 JavaThread "Reference Handler" daemon [_thread_blocked, id=27724, stack(0x0000000009cb0000,0x0000000009db0000)]
  0x000000000219d800 JavaThread "main" [_thread_in_Java, id=26464, stack(0x0000000002560000,0x0000000002660000)]

Other Threads:
  0x0000000008db1800 VMThread [stack: 0x0000000009b80000,0x0000000009c80000] [id=25860]
  0x0000000008e4e000 WatcherThread [stack: 0x000000000a670000,0x000000000a770000] [id=22576]

VM state:not at safepoint (normal execution)

VM Mutex/Monitor currently owned by a thread: None

Heap
 PSYoungGen      total 139008K, used 121581K [0x00000000eaab0000, 0x00000000f44f0000, 0x0000000100000000)
  eden space 126400K, 86% used [0x00000000eaab0000,0x00000000f1543358,0x00000000f2620000)
  from space 12608K, 98% used [0x00000000f3480000,0x00000000f40a81f8,0x00000000f40d0000)
  to   space 14720K, 0% used [0x00000000f2620000,0x00000000f2620000,0x00000000f3480000)
 ParOldGen       total 42752K, used 22792K [0x00000000c0000000, 0x00000000c29c0000, 0x00000000eaab0000)
  object space 42752K, 53% used [0x00000000c0000000,0x00000000c1642120,0x00000000c29c0000)
 PSPermGen       total 21248K, used 5891K [0x00000000bae00000, 0x00000000bc2c0000, 0x00000000c0000000)
  object space 21248K, 27% used [0x00000000bae00000,0x00000000bb3c12b8,0x00000000bc2c0000)

Card table byte_map: [0x0000000005660000,0x0000000005890000] byte_map_base: 0x0000000005089000

Polling page: 0x0000000000330000

Code Cache  [0x0000000002660000, 0x0000000002930000, 0x0000000005660000)
 total_blobs=1016 nmethods=783 adapters=183 free_code_cache=46538Kb largest_free_block=47433984

Compilation events (10 events):
Event: 10.249 Thread 0x0000000008e3c000 nmethod 775 0x0000000002919650 code [0x0000000002919880, 0x000000000291a368]
Event: 10.249 Thread 0x0000000008e3c000  776             com.android.dx.dex.code.PositionList$Entry::getPosition (5 bytes)
Event: 10.250 Thread 0x0000000008e3c000 nmethod 776 0x0000000002914690 code [0x00000000029147c0, 0x0000000002914818]
Event: 10.250 Thread 0x0000000008e3c000  777             com.android.dx.dex.file.DebugInfoEncoder::buildSortedPositions (68 bytes)
Event: 10.257 Thread 0x0000000008e3c000 nmethod 777 0x000000000291b1d0 code [0x000000000291b360, 0x000000000291b7d8]
Event: 10.257 Thread 0x0000000008e3c000  778             com.android.dx.rop.code.LocalItem::getSignature (5 bytes)
Event: 10.257 Thread 0x0000000008e3c000 nmethod 778 0x0000000002914490 code [0x00000000029145c0, 0x0000000002914618]
Event: 10.258 Thread 0x0000000008e3c000  779             com.android.dx.util.ByteArrayAnnotatedOutput::getCursor (5 bytes)
Event: 10.258 Thread 0x0000000008e3c000 nmethod 779 0x0000000002914290 code [0x00000000029143c0, 0x0000000002914418]
Event: 10.258 Thread 0x0000000008e3c000  780             com.android.dx.dex.file.DebugInfoEncoder::convert0 (246 bytes)

GC Heap History (10 events):
Event: 3.714 GC heap before
{Heap before GC invocations=2 (full 0):
 PSYoungGen      total 18688K, used 18679K [0x00000000eaab0000, 0x00000000ecf30000, 0x0000000100000000)
  eden space 16064K, 100% used [0x00000000eaab0000,0x00000000eba60000,0x00000000eba60000)
  from space 2624K, 99% used [0x00000000eba60000,0x00000000ebcedc78,0x00000000ebcf0000)
  to   space 2624K, 0% used [0x00000000ecca0000,0x00000000ecca0000,0x00000000ecf30000)
 ParOldGen       total 42752K, used 1259K [0x00000000c0000000, 0x00000000c29c0000, 0x00000000eaab0000)
  object space 42752K, 2% used [0x00000000c0000000,0x00000000c013af30,0x00000000c29c0000)
 PSPermGen       total 21248K, used 5416K [0x00000000bae00000, 0x00000000bc2c0000, 0x00000000c0000000)
  object space 21248K, 25% used [0x00000000bae00000,0x00000000bb34a1e0,0x00000000bc2c0000)
Event: 4.174 GC heap after
Heap after GC invocations=2 (full 0):
 PSYoungGen      total 34752K, used 2599K [0x00000000eaab0000, 0x00000000ecf30000, 0x0000000100000000)
  eden space 32128K, 0% used [0x00000000eaab0000,0x00000000eaab0000,0x00000000eca10000)
  from space 2624K, 99% used [0x00000000ecca0000,0x00000000ecf29c78,0x00000000ecf30000)
  to   space 2624K, 0% used [0x00000000eca10000,0x00000000eca10000,0x00000000ecca0000)
 ParOldGen       total 42752K, used 3605K [0x00000000c0000000, 0x00000000c29c0000, 0x00000000eaab0000)
  object space 42752K, 8% used [0x00000000c0000000,0x00000000c0385730,0x00000000c29c0000)
 PSPermGen       total 21248K, used 5416K [0x00000000bae00000, 0x00000000bc2c0000, 0x00000000c0000000)
  object space 21248K, 25% used [0x00000000bae00000,0x00000000bb34a1e0,0x00000000bc2c0000)
}
Event: 5.634 GC heap before
{Heap before GC invocations=3 (full 0):
 PSYoungGen      total 34752K, used 34727K [0x00000000eaab0000, 0x00000000ecf30000, 0x0000000100000000)
  eden space 32128K, 100% used [0x00000000eaab0000,0x00000000eca10000,0x00000000eca10000)
  from space 2624K, 99% used [0x00000000ecca0000,0x00000000ecf29c78,0x00000000ecf30000)
  to   space 2624K, 0% used [0x00000000eca10000,0x00000000eca10000,0x00000000ecca0000)
 ParOldGen       total 42752K, used 3605K [0x00000000c0000000, 0x00000000c29c0000, 0x00000000eaab0000)
  object space 42752K, 8% used [0x00000000c0000000,0x00000000c0385730,0x00000000c29c0000)
 PSPermGen       total 21248K, used 5467K [0x00000000bae00000, 0x00000000bc2c0000, 0x00000000c0000000)
  object space 21248K, 25% used [0x00000000bae00000,0x00000000bb356fc8,0x00000000bc2c0000)
Event: 5.662 GC heap after
Heap after GC invocations=3 (full 0):
 PSYoungGen      total 34752K, used 2612K [0x00000000eaab0000, 0x00000000eee90000, 0x0000000100000000)
  eden space 32128K, 0% used [0x00000000eaab0000,0x00000000eaab0000,0x00000000eca10000)
  from space 2624K, 99% used [0x00000000eca10000,0x00000000ecc9d3c0,0x00000000ecca0000)
  to   space 2624K, 0% used [0x00000000eec00000,0x00000000eec00000,0x00000000eee90000)
 ParOldGen       total 42752K, used 8455K [0x00000000c0000000, 0x00000000c29c0000, 0x00000000eaab0000)
  object space 42752K, 19% used [0x00000000c0000000,0x00000000c0841d18,0x00000000c29c0000)
 PSPermGen       total 21248K, used 5467K [0x00000000bae00000, 0x00000000bc2c0000, 0x00000000c0000000)
  object space 21248K, 25% used [0x00000000bae00000,0x00000000bb356fc8,0x00000000bc2c0000)
}
Event: 6.186 GC heap before
{Heap before GC invocations=4 (full 0):
 PSYoungGen      total 34752K, used 34740K [0x00000000eaab0000, 0x00000000eee90000, 0x0000000100000000)
  eden space 32128K, 100% used [0x00000000eaab0000,0x00000000eca10000,0x00000000eca10000)
  from space 2624K, 99% used [0x00000000eca10000,0x00000000ecc9d3c0,0x00000000ecca0000)
  to   space 2624K, 0% used [0x00000000eec00000,0x00000000eec00000,0x00000000eee90000)
 ParOldGen       total 42752K, used 8455K [0x00000000c0000000, 0x00000000c29c0000, 0x00000000eaab0000)
  object space 42752K, 19% used [0x00000000c0000000,0x00000000c0841d18,0x00000000c29c0000)
 PSPermGen       total 21248K, used 5501K [0x00000000bae00000, 0x00000000bc2c0000, 0x00000000c0000000)
  object space 21248K, 25% used [0x00000000bae00000,0x00000000bb35f718,0x00000000bc2c0000)
Event: 6.242 GC heap after
Heap after GC invocations=4 (full 0):
 PSYoungGen      total 66880K, used 2613K [0x00000000eaab0000, 0x00000000eee90000, 0x0000000100000000)
  eden space 64256K, 0% used [0x00000000eaab0000,0x00000000eaab0000,0x00000000ee970000)
  from space 2624K, 99% used [0x00000000eec00000,0x00000000eee8d7d8,0x00000000eee90000)
  to   space 2624K, 0% used [0x00000000ee970000,0x00000000ee970000,0x00000000eec00000)
 ParOldGen       total 42752K, used 13202K [0x00000000c0000000, 0x00000000c29c0000, 0x00000000eaab0000)
  object space 42752K, 30% used [0x00000000c0000000,0x00000000c0ce4920,0x00000000c29c0000)
 PSPermGen       total 21248K, used 5501K [0x00000000bae00000, 0x00000000bc2c0000, 0x00000000c0000000)
  object space 21248K, 25% used [0x00000000bae00000,0x00000000bb35f718,0x00000000bc2c0000)
}
Event: 7.234 GC heap before
{Heap before GC invocations=5 (full 0):
 PSYoungGen      total 66880K, used 66869K [0x00000000eaab0000, 0x00000000eee90000, 0x0000000100000000)
  eden space 64256K, 100% used [0x00000000eaab0000,0x00000000ee970000,0x00000000ee970000)
  from space 2624K, 99% used [0x00000000eec00000,0x00000000eee8d7d8,0x00000000eee90000)
  to   space 2624K, 0% used [0x00000000ee970000,0x00000000ee970000,0x00000000eec00000)
 ParOldGen       total 42752K, used 13202K [0x00000000c0000000, 0x00000000c29c0000, 0x00000000eaab0000)
  object space 42752K, 30% used [0x00000000c0000000,0x00000000c0ce4920,0x00000000c29c0000)
 PSPermGen       total 21248K, used 5541K [0x00000000bae00000, 0x00000000bc2c0000, 0x00000000c0000000)
  object space 21248K, 26% used [0x00000000bae00000,0x00000000bb369780,0x00000000bc2c0000)
Event: 7.260 GC heap after
Heap after GC invocations=5 (full 0):
 PSYoungGen      total 66880K, used 2616K [0x00000000eaab0000, 0x00000000f40d0000, 0x0000000100000000)
  eden space 64256K, 0% used [0x00000000eaab0000,0x00000000eaab0000,0x00000000ee970000)
  from space 2624K, 99% used [0x00000000ee970000,0x00000000eebfe360,0x00000000eec00000)
  to   space 12608K, 0% used [0x00000000f3480000,0x00000000f3480000,0x00000000f40d0000)
 ParOldGen       total 42752K, used 22792K [0x00000000c0000000, 0x00000000c29c0000, 0x00000000eaab0000)
  object space 42752K, 53% used [0x00000000c0000000,0x00000000c1642120,0x00000000c29c0000)
 PSPermGen       total 21248K, used 5541K [0x00000000bae00000, 0x00000000bc2c0000, 0x00000000c0000000)
  object space 21248K, 26% used [0x00000000bae00000,0x00000000bb369780,0x00000000bc2c0000)
}
Event: 7.854 GC heap before
{Heap before GC invocations=6 (full 0):
 PSYoungGen      total 66880K, used 66872K [0x00000000eaab0000, 0x00000000f40d0000, 0x0000000100000000)
  eden space 64256K, 100% used [0x00000000eaab0000,0x00000000ee970000,0x00000000ee970000)
  from space 2624K, 99% used [0x00000000ee970000,0x00000000eebfe360,0x00000000eec00000)
  to   space 12608K, 0% used [0x00000000f3480000,0x00000000f3480000,0x00000000f40d0000)
 ParOldGen       total 42752K, used 22792K [0x00000000c0000000, 0x00000000c29c0000, 0x00000000eaab0000)
  object space 42752K, 53% used [0x00000000c0000000,0x00000000c1642120,0x00000000c29c0000)
 PSPermGen       total 21248K, used 5574K [0x00000000bae00000, 0x00000000bc2c0000, 0x00000000c0000000)
  object space 21248K, 26% used [0x00000000bae00000,0x00000000bb371aa0,0x00000000bc2c0000)
Event: 8.306 GC heap after
Heap after GC invocations=6 (full 0):
 PSYoungGen      total 139008K, used 12448K [0x00000000eaab0000, 0x00000000f44f0000, 0x0000000100000000)
  eden space 126400K, 0% used [0x00000000eaab0000,0x00000000eaab0000,0x00000000f2620000)
  from space 12608K, 98% used [0x00000000f3480000,0x00000000f40a81f8,0x00000000f40d0000)
  to   space 14720K, 0% used [0x00000000f2620000,0x00000000f2620000,0x00000000f3480000)
 ParOldGen       total 42752K, used 22792K [0x00000000c0000000, 0x00000000c29c0000, 0x00000000eaab0000)
  object space 42752K, 53% used [0x00000000c0000000,0x00000000c1642120,0x00000000c29c0000)
 PSPermGen       total 21248K, used 5574K [0x00000000bae00000, 0x00000000bc2c0000, 0x00000000c0000000)
  object space 21248K, 26% used [0x00000000bae00000,0x00000000bb371aa0,0x00000000bc2c0000)
}

Deoptimization events (10 events):
Event: 9.743 Thread 0x000000000219d800 Uncommon trap -58 fr.pc 0x00000000028664d0
Event: 9.780 Thread 0x000000000219d800 Uncommon trap -34 fr.pc 0x000000000280aa44
Event: 9.826 Thread 0x000000000219d800 Uncommon trap -34 fr.pc 0x000000000280aa44
Event: 9.828 Thread 0x000000000219d800 Uncommon trap -12 fr.pc 0x000000000276ab68
Event: 9.882 Thread 0x000000000219d800 Uncommon trap -34 fr.pc 0x000000000280aa44
Event: 9.888 Thread 0x000000000219d800 Uncommon trap -34 fr.pc 0x000000000280aa44
Event: 9.963 Thread 0x000000000219d800 Uncommon trap -42 fr.pc 0x0000000002769098
Event: 9.973 Thread 0x000000000219d800 Uncommon trap -42 fr.pc 0x0000000002768fd0
Event: 9.993 Thread 0x000000000219d800 Uncommon trap -42 fr.pc 0x0000000002768fd0
Event: 9.993 Thread 0x000000000219d800 Uncommon trap -42 fr.pc 0x0000000002768fd0

Internal exceptions (10 events):
Event: 9.633 Thread 0x000000000219d800 Threw 0x00000000f068ce10 at C:\jdk7u2_64p\jdk7u13\hotspot\src\share\vm\prims\jvm.cpp:1166
Event: 9.640 Thread 0x000000000219d800 Threw 0x00000000f069caa0 at C:\jdk7u2_64p\jdk7u13\hotspot\src\share\vm\prims\jvm.cpp:1166
Event: 9.640 Thread 0x000000000219d800 Threw 0x00000000f069f6f8 at C:\jdk7u2_64p\jdk7u13\hotspot\src\share\vm\prims\jvm.cpp:1166
Event: 9.641 Thread 0x000000000219d800 Threw 0x00000000f06a24c8 at C:\jdk7u2_64p\jdk7u13\hotspot\src\share\vm\prims\jvm.cpp:1166
Event: 9.828 Thread 0x000000000219d800 Implicit null exception at 0x0000000002769d18 to 0x000000000276ab5d
Event: 10.092 Thread 0x000000000219d800 Threw 0x00000000f0f2f1b8 at C:\jdk7u2_64p\jdk7u13\hotspot\src\share\vm\prims\jvm.cpp:1166
Event: 10.094 Thread 0x000000000219d800 Threw 0x00000000f0f394f0 at C:\jdk7u2_64p\jdk7u13\hotspot\src\share\vm\prims\jvm.cpp:1166
Event: 10.095 Thread 0x000000000219d800 Threw 0x00000000f0f3beb8 at C:\jdk7u2_64p\jdk7u13\hotspot\src\share\vm\prims\jvm.cpp:1166
Event: 10.294 Thread 0x000000000219d800 Threw 0x00000000f13d24a8 at C:\jdk7u2_64p\jdk7u13\hotspot\src\share\vm\prims\jvm.cpp:1166
Event: 10.322 Thread 0x000000000219d800 Threw 0x00000000f1498c80 at C:\jdk7u2_64p\jdk7u13\hotspot\src\share\vm\prims\jvm.cpp:1166

Events (10 events):
Event: 10.092 loading class 0x000000000a89d480
Event: 10.092 loading class 0x000000000a89d480 done
Event: 10.094 loading class 0x000000000a89e3c0
Event: 10.094 loading class 0x000000000a89e3c0 done
Event: 10.095 loading class 0x000000000a89e400
Event: 10.095 loading class 0x000000000a89e400 done
Event: 10.294 loading class 0x000000000a89dd40
Event: 10.294 loading class 0x000000000a89dd40 done
Event: 10.322 loading class 0x0000000008e79e00
Event: 10.322 loading class 0x0000000008e79e00 done


Dynamic libraries:
0x000000013f180000 - 0x000000013f1b3000 	C:\Program Files\Java\jdk1.7.0_13\bin\java.exe
0x0000000076d00000 - 0x0000000076ea9000 	C:\windows\SYSTEM32\ntdll.dll
0x0000000076780000 - 0x000000007689f000 	C:\windows\system32\kernel32.dll
0x000007fefd350000 - 0x000007fefd3bc000 	C:\windows\system32\KERNELBASE.dll
0x000007fefdb90000 - 0x000007fefdc6b000 	C:\windows\system32\ADVAPI32.dll
0x000007fefd5d0000 - 0x000007fefd66f000 	C:\windows\system32\msvcrt.dll
0x000007fefdd70000 - 0x000007fefdd8f000 	C:\windows\SYSTEM32\sechost.dll
0x000007fefeee0000 - 0x000007feff00d000 	C:\windows\system32\RPCRT4.dll
0x0000000076c00000 - 0x0000000076cfa000 	C:\windows\system32\USER32.dll
0x000007fefdd00000 - 0x000007fefdd67000 	C:\windows\system32\GDI32.dll
0x000007fefd670000 - 0x000007fefd67e000 	C:\windows\system32\LPK.dll
0x000007fefd680000 - 0x000007fefd749000 	C:\windows\system32\USP10.dll
0x000007fefba90000 - 0x000007fefbc84000 	C:\windows\WinSxS\amd64_microsoft.windows.common-controls_6595b64144ccf1df_6.0.7601.17514_none_fa396087175ac9ac\COMCTL32.dll
0x000007fefd880000 - 0x000007fefd8f1000 	C:\windows\system32\SHLWAPI.dll
0x000007fefdc70000 - 0x000007fefdc9e000 	C:\windows\system32\IMM32.DLL
0x000007fefdd90000 - 0x000007fefde99000 	C:\windows\system32\MSCTF.dll
0x000000005f0b0000 - 0x000000005f181000 	C:\Program Files\Java\jdk1.7.0_13\jre\bin\msvcr100.dll
0x000000005c290000 - 0x000000005c9af000 	C:\Program Files\Java\jdk1.7.0_13\jre\bin\server\jvm.dll
0x000007fefad90000 - 0x000007fefad99000 	C:\windows\system32\WSOCK32.dll
0x000007fefd750000 - 0x000007fefd79d000 	C:\windows\system32\WS2_32.dll
0x000007fefdb80000 - 0x000007fefdb88000 	C:\windows\system32\NSI.dll
0x000007fefb380000 - 0x000007fefb3bb000 	C:\windows\system32\WINMM.dll
0x0000000076ec0000 - 0x0000000076ec7000 	C:\windows\system32\PSAPI.DLL
0x000000006eab0000 - 0x000000006eabf000 	C:\Program Files\Java\jdk1.7.0_13\jre\bin\verify.dll
0x000000006bf70000 - 0x000000006bf98000 	C:\Program Files\Java\jdk1.7.0_13\jre\bin\java.dll
0x000000006c730000 - 0x000000006c745000 	C:\Program Files\Java\jdk1.7.0_13\jre\bin\zip.dll
0x000000006bfb0000 - 0x000000006bfc9000 	C:\Program Files\Java\jdk1.7.0_13\jre\bin\net.dll
0x000007fefc970000 - 0x000007fefc9c5000 	C:\windows\system32\mswsock.dll
0x000007fefc960000 - 0x000007fefc967000 	C:\windows\System32\wship6.dll
0x000000006bdf0000 - 0x000000006be01000 	C:\Program Files\Java\jdk1.7.0_13\jre\bin\nio.dll

VM Arguments:
jvm_args: -Xmx1024M -Dfile.encoding=windows-1251 -Duser.country=RU -Duser.language=ru -Duser.variant 
java_command: com.android.dx.command.Main --dex --output D:\Programming\AndroidStudio_projects\CloudTest01\app\build\intermediates\pre-dexed\debug\classes-bade804700a1011b4a00f4c1a1252d259752ac66.jar D:\Programming\AndroidStudio_projects\CloudTest01\app\build\intermediates\exploded-aar\com.android.support\appcompat-v7\22.2.1\jars\classes.jar
Launcher Type: SUN_STANDARD

Environment Variables:
JAVA_HOME=C:\Program Files\Java\jdk1.7.0_13
PATH=C:\ProgramData\Oracle\Java\javapath;C:\Program Files (x86)\NVIDIA Corporation\PhysX\Common;C:\Program Files (x86)\Common Files\Intel\Shared Libraries\redist\intel64\mpirt;C:\Program Files (x86)\Common Files\Intel\Shared Libraries\redist\ia32\mpirt;C:\Program Files (x86)\Common Files\Intel\Shared Libraries\redist\intel64\compiler;C:\Program Files (x86)\Common Files\Intel\Shared Libraries\redist\ia32\compiler;C:\Program Files\Common Files\Microsoft Shared\Windows Live;C:\Program Files (x86)\Common Files\Microsoft Shared\Windows Live;C:\windows\system32;C:\windows;C:\windows\System32\Wbem;C:\windows\System32\WindowsPowerShell\v1.0\;C:\Program Files\Intel\WiFi\bin\;C:\Program Files\Common Files\Intel\WirelessCommon\;C:\Program Files (x86)\Windows Live\Shared;c:\Program Files (x86)\Microsoft SQL Server\100\Tools\Binn\;c:\Program Files\Microsoft SQL Server\100\Tools\Binn\;c:\Program Files\Microsoft SQL Server\100\DTS\Binn\;C:\Program Files (x86)\Programming\CodeBlocks\MinGW\bin;C:\Program Files (x86)\Programming\CMake 2.8\bin;D:\Programming\MiKTex\miktex\bin\x64\;C:\Program Files (x86)\Intel\OpenCL SDK\2.0\bin\x86;C:\Program Files (x86)\Intel\OpenCL SDK\2.0\bin\x64;c:\Program Files (x86)\Microsoft SQL Server\100\Tools\Binn\VSShell\Common7\IDE\;c:\Program Files (x86)\Microsoft SQL Server\100\DTS\Binn\;C:\Program Files (x86)\Inkscape;C:\Program Files\Maple 16\bin.X86_64_WINDOWS\;C:\Program Files\MATLAB\R2014a\runtime\win64;C:\Program Files\MATLAB\R2014a\bin;C:\Program Files\MATLAB\R2014a\polyspace\bin;C:\Program Files\Java\jdk1.7.0_13\bin;C:\Program Files (x86)\Git\cmd
USERNAME=Sovan
OS=Windows_NT
PROCESSOR_IDENTIFIER=Intel64 Family 6 Model 42 Stepping 7, GenuineIntel



---------------  S Y S T E M  ---------------

OS: Windows 7 , 64 bit Build 7601 Service Pack 1

CPU:total 4 (2 cores per cpu, 2 threads per core) family 6 model 42 stepping 7, cmov, cx8, fxsr, mmx, sse, sse2, sse3, ssse3, sse4.1, sse4.2, popcnt, avx, ht, tsc, tscinvbit

Memory: 4k page, physical 4098152k(373156k free), swap 6517904k(16324k free)

vm_info: Java HotSpot(TM) 64-Bit Server VM (23.7-b01) for windows-amd64 JRE (1.7.0_13-b20), built on Jan 30 2013 10:10:00 by "java_re" with unknown MS VC++:1600

time: Sat Oct 10 18:10:36 2015
elapsed time: 10 seconds

