#
# There is insufficient memory for the Java Runtime Environment to continue.
# Native memory allocation (malloc) failed to allocate 286576 bytes for Chunk::new
# Possible reasons:
#   The system is out of physical RAM or swap space
#   In 32 bit mode, the process size limit was hit
# Possible solutions:
#   Reduce memory load on the system
#   Increase physical memory or swap space
#   Check if swap backing store is full
#   Use 64 bit Java on a 64 bit OS
#   Decrease Java heap size (-Xmx/-Xms)
#   Decrease number of Java threads
#   Decrease Java thread stack sizes (-Xss)
#   Set larger code cache with -XX:ReservedCodeCacheSize=
# This output file may be truncated or incomplete.
#
#  Out of Memory Error (allocation.cpp:328), pid=26576, tid=25524
#
# JRE version: 7.0_13-b20
# Java VM: Java HotSpot(TM) 64-Bit Server VM (23.7-b01 mixed mode windows-amd64 compressed oops)
# Failed to write core dump. Minidumps are not enabled by default on client versions of Windows
#

---------------  T H R E A D  ---------------

Current thread (0x0000000009000000):  JavaThread "C2 CompilerThread1" daemon [_thread_in_native, id=25524, stack(0x0000000009e30000,0x0000000009f30000)]

Stack: [0x0000000009e30000,0x0000000009f30000]

Current CompileTask:
C2:  10809  492             com.android.dx.dex.code.LocalList::make (134 bytes)


---------------  P R O C E S S  ---------------

Java Threads: ( => current thread )
  0x0000000009008800 JavaThread "Service Thread" daemon [_thread_blocked, id=22848, stack(0x000000000a9d0000,0x000000000aad0000)]
=>0x0000000009000000 JavaThread "C2 CompilerThread1" daemon [_thread_in_native, id=25524, stack(0x0000000009e30000,0x0000000009f30000)]
  0x0000000008ffe800 JavaThread "C2 CompilerThread0" daemon [_thread_in_native, id=26288, stack(0x000000000a7d0000,0x000000000a8d0000)]
  0x0000000008ffc800 JavaThread "Attach Listener" daemon [_thread_blocked, id=26616, stack(0x000000000a520000,0x000000000a620000)]
  0x0000000008ff5800 JavaThread "Signal Dispatcher" daemon [_thread_blocked, id=18536, stack(0x000000000a350000,0x000000000a450000)]
  0x0000000002327000 JavaThread "Finalizer" daemon [_thread_blocked, id=24612, stack(0x000000000a240000,0x000000000a340000)]
  0x0000000002326000 JavaThread "Reference Handler" daemon [_thread_blocked, id=26072, stack(0x000000000a130000,0x000000000a230000)]
  0x000000000235d800 JavaThread "main" [_thread_in_vm, id=23632, stack(0x00000000024c0000,0x00000000025c0000)]

Other Threads:
  0x0000000008f6f800 VMThread [stack: 0x0000000009f60000,0x000000000a060000] [id=26532]
  0x0000000009014800 WatcherThread [stack: 0x000000000ab70000,0x000000000ac70000] [id=26492]

VM state:not at safepoint (normal execution)

VM Mutex/Monitor currently owned by a thread: None

Heap
 PSYoungGen      total 34752K, used 9644K [0x00000000eaab0000, 0x00000000ef810000, 0x0000000100000000)
  eden space 32128K, 21% used [0x00000000eaab0000,0x00000000eb18b000,0x00000000eca10000)
  from space 2624K, 100% used [0x00000000eca10000,0x00000000ecca0000,0x00000000ecca0000)
  to   space 7488K, 0% used [0x00000000ef0c0000,0x00000000ef0c0000,0x00000000ef810000)
 ParOldGen       total 42752K, used 13286K [0x00000000c0000000, 0x00000000c29c0000, 0x00000000eaab0000)
  object space 42752K, 31% used [0x00000000c0000000,0x00000000c0cf9850,0x00000000c29c0000)
 PSPermGen       total 21248K, used 5747K [0x00000000bae00000, 0x00000000bc2c0000, 0x00000000c0000000)
  object space 21248K, 27% used [0x00000000bae00000,0x00000000bb39cf38,0x00000000bc2c0000)

Card table byte_map: [0x0000000005680000,0x00000000058b0000] byte_map_base: 0x00000000050a9000

Polling page: 0x0000000000230000

Code Cache  [0x00000000025c0000, 0x0000000002830000, 0x00000000055c0000)
 total_blobs=742 nmethods=510 adapters=183 free_code_cache=47099Kb largest_free_block=48192256

Compilation events (10 events):
Event: 10.404 Thread 0x0000000008ffe800 nmethod 496 0x00000000027bdcd0 code [0x00000000027bde20, 0x00000000027bdf18]
Event: 10.404 Thread 0x0000000008ffe800  497             com.android.dx.dex.code.FixedSizeInsn::<init> (8 bytes)
Event: 10.405 Thread 0x0000000008ffe800 nmethod 497 0x00000000027bf750 code [0x00000000027bf880, 0x00000000027bf958]
Event: 10.405 Thread 0x0000000008ffe800  498             com.android.dx.rop.code.RegisterSpecSet::findMatchingLocal (49 bytes)
Event: 10.406 Thread 0x0000000008ffe800 nmethod 498 0x00000000027bd910 code [0x00000000027bda60, 0x00000000027bdb88]
Event: 10.406 Thread 0x0000000008ffe800  499             com.android.dx.dex.code.LocalSnapshot::getLocals (5 bytes)
Event: 10.407 Thread 0x0000000008ffe800 nmethod 499 0x00000000027c2890 code [0x00000000027c29c0, 0x00000000027c2a18]
Event: 10.410 Thread 0x0000000008ffe800  500             com.android.dx.dex.code.DalvInsn::getAddress (22 bytes)
Event: 10.411 Thread 0x0000000008ffe800 nmethod 500 0x00000000027c0f10 code [0x00000000027c1040, 0x00000000027c1098]
Event: 10.427 Thread 0x0000000008ffe800  501             com.android.dx.dex.code.StdCatchBuilder::build (262 bytes)

GC Heap History (10 events):
Event: 1.708 GC heap before
{Heap before GC invocations=1 (full 0):
 PSYoungGen      total 18688K, used 16064K [0x00000000eaab0000, 0x00000000ebf80000, 0x0000000100000000)
  eden space 16064K, 100% used [0x00000000eaab0000,0x00000000eba60000,0x00000000eba60000)
  from space 2624K, 0% used [0x00000000ebcf0000,0x00000000ebcf0000,0x00000000ebf80000)
  to   space 2624K, 0% used [0x00000000eba60000,0x00000000eba60000,0x00000000ebcf0000)
 ParOldGen       total 42752K, used 0K [0x00000000c0000000, 0x00000000c29c0000, 0x00000000eaab0000)
  object space 42752K, 0% used [0x00000000c0000000,0x00000000c0000000,0x00000000c29c0000)
 PSPermGen       total 21248K, used 5265K [0x00000000bae00000, 0x00000000bc2c0000, 0x00000000c0000000)
  object space 21248K, 24% used [0x00000000bae00000,0x00000000bb324580,0x00000000bc2c0000)
Event: 1.715 GC heap after
Heap after GC invocations=1 (full 0):
 PSYoungGen      total 18688K, used 2615K [0x00000000eaab0000, 0x00000000ebf80000, 0x0000000100000000)
  eden space 16064K, 0% used [0x00000000eaab0000,0x00000000eaab0000,0x00000000eba60000)
  from space 2624K, 99% used [0x00000000eba60000,0x00000000ebcedc78,0x00000000ebcf0000)
  to   space 2624K, 0% used [0x00000000ebcf0000,0x00000000ebcf0000,0x00000000ebf80000)
 ParOldGen       total 42752K, used 1232K [0x00000000c0000000, 0x00000000c29c0000, 0x00000000eaab0000)
  object space 42752K, 2% used [0x00000000c0000000,0x00000000c01343b8,0x00000000c29c0000)
 PSPermGen       total 21248K, used 5265K [0x00000000bae00000, 0x00000000bc2c0000, 0x00000000c0000000)
  object space 21248K, 24% used [0x00000000bae00000,0x00000000bb324580,0x00000000bc2c0000)
}
Event: 3.511 GC heap before
{Heap before GC invocations=2 (full 0):
 PSYoungGen      total 18688K, used 18679K [0x00000000eaab0000, 0x00000000ebf80000, 0x0000000100000000)
  eden space 16064K, 100% used [0x00000000eaab0000,0x00000000eba60000,0x00000000eba60000)
  from space 2624K, 99% used [0x00000000eba60000,0x00000000ebcedc78,0x00000000ebcf0000)
  to   space 2624K, 0% used [0x00000000ebcf0000,0x00000000ebcf0000,0x00000000ebf80000)
 ParOldGen       total 42752K, used 1232K [0x00000000c0000000, 0x00000000c29c0000, 0x00000000eaab0000)
  object space 42752K, 2% used [0x00000000c0000000,0x00000000c01343b8,0x00000000c29c0000)
 PSPermGen       total 21248K, used 5415K [0x00000000bae00000, 0x00000000bc2c0000, 0x00000000c0000000)
  object space 21248K, 25% used [0x00000000bae00000,0x00000000bb349d80,0x00000000bc2c0000)
Event: 3.877 GC heap after
Heap after GC invocations=2 (full 0):
 PSYoungGen      total 18688K, used 2599K [0x00000000eaab0000, 0x00000000ecf30000, 0x0000000100000000)
  eden space 16064K, 0% used [0x00000000eaab0000,0x00000000eaab0000,0x00000000eba60000)
  from space 2624K, 99% used [0x00000000ebcf0000,0x00000000ebf79c68,0x00000000ebf80000)
  to   space 2624K, 0% used [0x00000000eba60000,0x00000000eba60000,0x00000000ebcf0000)
 ParOldGen       total 42752K, used 3475K [0x00000000c0000000, 0x00000000c29c0000, 0x00000000eaab0000)
  object space 42752K, 8% used [0x00000000c0000000,0x00000000c0364db0,0x00000000c29c0000)
 PSPermGen       total 21248K, used 5415K [0x00000000bae00000, 0x00000000bc2c0000, 0x00000000c0000000)
  object space 21248K, 25% used [0x00000000bae00000,0x00000000bb349d80,0x00000000bc2c0000)
}
Event: 4.850 GC heap before
{Heap before GC invocations=3 (full 0):
 PSYoungGen      total 18688K, used 18663K [0x00000000eaab0000, 0x00000000ecf30000, 0x0000000100000000)
  eden space 16064K, 100% used [0x00000000eaab0000,0x00000000eba60000,0x00000000eba60000)
  from space 2624K, 99% used [0x00000000ebcf0000,0x00000000ebf79c68,0x00000000ebf80000)
  to   space 2624K, 0% used [0x00000000eba60000,0x00000000eba60000,0x00000000ebcf0000)
 ParOldGen       total 42752K, used 3475K [0x00000000c0000000, 0x00000000c29c0000, 0x00000000eaab0000)
  object space 42752K, 8% used [0x00000000c0000000,0x00000000c0364db0,0x00000000c29c0000)
 PSPermGen       total 21248K, used 5445K [0x00000000bae00000, 0x00000000bc2c0000, 0x00000000c0000000)
  object space 21248K, 25% used [0x00000000bae00000,0x00000000bb351428,0x00000000bc2c0000)
Event: 5.667 GC heap after
Heap after GC invocations=3 (full 0):
 PSYoungGen      total 18688K, used 2624K [0x00000000eaab0000, 0x00000000ecf30000, 0x0000000100000000)
  eden space 16064K, 0% used [0x00000000eaab0000,0x00000000eaab0000,0x00000000eba60000)
  from space 2624K, 100% used [0x00000000eba60000,0x00000000ebcf0000,0x00000000ebcf0000)
  to   space 2624K, 0% used [0x00000000ecca0000,0x00000000ecca0000,0x00000000ecf30000)
 ParOldGen       total 42752K, used 5895K [0x00000000c0000000, 0x00000000c29c0000, 0x00000000eaab0000)
  object space 42752K, 13% used [0x00000000c0000000,0x00000000c05c1d98,0x00000000c29c0000)
 PSPermGen       total 21248K, used 5445K [0x00000000bae00000, 0x00000000bc2c0000, 0x00000000c0000000)
  object space 21248K, 25% used [0x00000000bae00000,0x00000000bb351428,0x00000000bc2c0000)
}
Event: 6.700 GC heap before
{Heap before GC invocations=4 (full 0):
 PSYoungGen      total 18688K, used 18688K [0x00000000eaab0000, 0x00000000ecf30000, 0x0000000100000000)
  eden space 16064K, 100% used [0x00000000eaab0000,0x00000000eba60000,0x00000000eba60000)
  from space 2624K, 100% used [0x00000000eba60000,0x00000000ebcf0000,0x00000000ebcf0000)
  to   space 2624K, 0% used [0x00000000ecca0000,0x00000000ecca0000,0x00000000ecf30000)
 ParOldGen       total 42752K, used 5895K [0x00000000c0000000, 0x00000000c29c0000, 0x00000000eaab0000)
  object space 42752K, 13% used [0x00000000c0000000,0x00000000c05c1d98,0x00000000c29c0000)
 PSPermGen       total 21248K, used 5479K [0x00000000bae00000, 0x00000000bc2c0000, 0x00000000c0000000)
  object space 21248K, 25% used [0x00000000bae00000,0x00000000bb359c40,0x00000000bc2c0000)
Event: 7.251 GC heap after
Heap after GC invocations=4 (full 0):
 PSYoungGen      total 34752K, used 2624K [0x00000000eaab0000, 0x00000000ecf30000, 0x0000000100000000)
  eden space 32128K, 0% used [0x00000000eaab0000,0x00000000eaab0000,0x00000000eca10000)
  from space 2624K, 100% used [0x00000000ecca0000,0x00000000ecf30000,0x00000000ecf30000)
  to   space 2624K, 0% used [0x00000000eca10000,0x00000000eca10000,0x00000000ecca0000)
 ParOldGen       total 42752K, used 8418K [0x00000000c0000000, 0x00000000c29c0000, 0x00000000eaab0000)
  object space 42752K, 19% used [0x00000000c0000000,0x00000000c0838890,0x00000000c29c0000)
 PSPermGen       total 21248K, used 5479K [0x00000000bae00000, 0x00000000bc2c0000, 0x00000000c0000000)
  object space 21248K, 25% used [0x00000000bae00000,0x00000000bb359c40,0x00000000bc2c0000)
}
Event: 8.445 GC heap before
{Heap before GC invocations=5 (full 0):
 PSYoungGen      total 34752K, used 34752K [0x00000000eaab0000, 0x00000000ecf30000, 0x0000000100000000)
  eden space 32128K, 100% used [0x00000000eaab0000,0x00000000eca10000,0x00000000eca10000)
  from space 2624K, 100% used [0x00000000ecca0000,0x00000000ecf30000,0x00000000ecf30000)
  to   space 2624K, 0% used [0x00000000eca10000,0x00000000eca10000,0x00000000ecca0000)
 ParOldGen       total 42752K, used 8418K [0x00000000c0000000, 0x00000000c29c0000, 0x00000000eaab0000)
  object space 42752K, 19% used [0x00000000c0000000,0x00000000c0838890,0x00000000c29c0000)
 PSPermGen       total 21248K, used 5568K [0x00000000bae00000, 0x00000000bc2c0000, 0x00000000c0000000)
  object space 21248K, 26% used [0x00000000bae00000,0x00000000bb3701c8,0x00000000bc2c0000)
Event: 9.183 GC heap after
Heap after GC invocations=5 (full 0):
 PSYoungGen      total 34752K, used 2624K [0x00000000eaab0000, 0x00000000ef810000, 0x0000000100000000)
  eden space 32128K, 0% used [0x00000000eaab0000,0x00000000eaab0000,0x00000000eca10000)
  from space 2624K, 100% used [0x00000000eca10000,0x00000000ecca0000,0x00000000ecca0000)
  to   space 7488K, 0% used [0x00000000ef0c0000,0x00000000ef0c0000,0x00000000ef810000)
 ParOldGen       total 42752K, used 13286K [0x00000000c0000000, 0x00000000c29c0000, 0x00000000eaab0000)
  object space 42752K, 31% used [0x00000000c0000000,0x00000000c0cf9850,0x00000000c29c0000)
 PSPermGen       total 21248K, used 5568K [0x00000000bae00000, 0x00000000bc2c0000, 0x00000000c0000000)
  object space 21248K, 26% used [0x00000000bae00000,0x00000000bb3701c8,0x00000000bc2c0000)
}

Deoptimization events (10 events):
Event: 6.688 Thread 0x000000000235d800 Uncommon trap -12 fr.pc 0x000000000270abfc
Event: 6.688 Thread 0x000000000235d800 Uncommon trap -83 fr.pc 0x00000000026920e8
Event: 6.689 Thread 0x000000000235d800 Uncommon trap 60 fr.pc 0x00000000026dc2c8
Event: 8.112 Thread 0x000000000235d800 Uncommon trap -12 fr.pc 0x0000000002778afc
Event: 8.132 Thread 0x000000000235d800 Uncommon trap -12 fr.pc 0x000000000275387c
Event: 8.216 Thread 0x000000000235d800 Uncommon trap -12 fr.pc 0x000000000275f788
Event: 8.366 Thread 0x000000000235d800 Uncommon trap -58 fr.pc 0x000000000269aee4
Event: 8.366 Thread 0x000000000235d800 Uncommon trap -58 fr.pc 0x000000000269aee4
Event: 8.366 Thread 0x000000000235d800 Uncommon trap -58 fr.pc 0x000000000269aee4
Event: 9.209 Thread 0x000000000235d800 Uncommon trap -12 fr.pc 0x00000000027a5a00

Internal exceptions (10 events):
Event: 10.182 Thread 0x000000000235d800 Threw 0x00000000eac77a50 at C:\jdk7u2_64p\jdk7u13\hotspot\src\share\vm\prims\jvm.cpp:1166
Event: 10.323 Thread 0x000000000235d800 Threw 0x00000000eac7a838 at C:\jdk7u2_64p\jdk7u13\hotspot\src\share\vm\prims\jvm.cpp:1166
Event: 10.324 Thread 0x000000000235d800 Threw 0x00000000eac7f048 at C:\jdk7u2_64p\jdk7u13\hotspot\src\share\vm\prims\jvm.cpp:1166
Event: 10.325 Thread 0x000000000235d800 Threw 0x00000000eac82420 at C:\jdk7u2_64p\jdk7u13\hotspot\src\share\vm\prims\jvm.cpp:1166
Event: 10.333 Thread 0x000000000235d800 Threw 0x00000000eac943c0 at C:\jdk7u2_64p\jdk7u13\hotspot\src\share\vm\prims\jvm.cpp:1166
Event: 10.334 Thread 0x000000000235d800 Threw 0x00000000eac974f8 at C:\jdk7u2_64p\jdk7u13\hotspot\src\share\vm\prims\jvm.cpp:1166
Event: 10.335 Thread 0x000000000235d800 Threw 0x00000000eac9a2c8 at C:\jdk7u2_64p\jdk7u13\hotspot\src\share\vm\prims\jvm.cpp:1166
Event: 10.448 Thread 0x000000000235d800 Threw 0x00000000eaec04f8 at C:\jdk7u2_64p\jdk7u13\hotspot\src\share\vm\prims\jvm.cpp:1166
Event: 10.579 Thread 0x000000000235d800 Threw 0x00000000eaeca828 at C:\jdk7u2_64p\jdk7u13\hotspot\src\share\vm\prims\jvm.cpp:1166
Event: 10.580 Thread 0x000000000235d800 Threw 0x00000000eaecd1e8 at C:\jdk7u2_64p\jdk7u13\hotspot\src\share\vm\prims\jvm.cpp:1166

Events (10 events):
Event: 10.334 loading class 0x000000000ae334a0
Event: 10.334 loading class 0x000000000ae334a0 done
Event: 10.335 loading class 0x0000000009046400
Event: 10.335 loading class 0x0000000009046400 done
Event: 10.448 loading class 0x000000000adb1ad0
Event: 10.448 loading class 0x000000000adb1ad0 done
Event: 10.579 loading class 0x000000000adb2d10
Event: 10.579 loading class 0x000000000adb2d10 done
Event: 10.580 loading class 0x000000000adb2b50
Event: 10.580 loading class 0x000000000adb2b50 done


Dynamic libraries:
0x000000013f180000 - 0x000000013f1b3000 	C:\Program Files\Java\jdk1.7.0_13\bin\java.exe
0x0000000076d00000 - 0x0000000076ea9000 	C:\windows\SYSTEM32\ntdll.dll
0x0000000076780000 - 0x000000007689f000 	C:\windows\system32\kernel32.dll
0x000007fefd350000 - 0x000007fefd3bc000 	C:\windows\system32\KERNELBASE.dll
0x000007fefdb90000 - 0x000007fefdc6b000 	C:\windows\system32\ADVAPI32.dll
0x000007fefd5d0000 - 0x000007fefd66f000 	C:\windows\system32\msvcrt.dll
0x000007fefdd70000 - 0x000007fefdd8f000 	C:\windows\SYSTEM32\sechost.dll
0x000007fefeee0000 - 0x000007feff00d000 	C:\windows\system32\RPCRT4.dll
0x0000000076c00000 - 0x0000000076cfa000 	C:\windows\system32\USER32.dll
0x000007fefdd00000 - 0x000007fefdd67000 	C:\windows\system32\GDI32.dll
0x000007fefd670000 - 0x000007fefd67e000 	C:\windows\system32\LPK.dll
0x000007fefd680000 - 0x000007fefd749000 	C:\windows\system32\USP10.dll
0x000007fefba90000 - 0x000007fefbc84000 	C:\windows\WinSxS\amd64_microsoft.windows.common-controls_6595b64144ccf1df_6.0.7601.17514_none_fa396087175ac9ac\COMCTL32.dll
0x000007fefd880000 - 0x000007fefd8f1000 	C:\windows\system32\SHLWAPI.dll
0x000007fefdc70000 - 0x000007fefdc9e000 	C:\windows\system32\IMM32.DLL
0x000007fefdd90000 - 0x000007fefde99000 	C:\windows\system32\MSCTF.dll
0x000000005f0b0000 - 0x000000005f181000 	C:\Program Files\Java\jdk1.7.0_13\jre\bin\msvcr100.dll
0x000000005c290000 - 0x000000005c9af000 	C:\Program Files\Java\jdk1.7.0_13\jre\bin\server\jvm.dll
0x000007fefad90000 - 0x000007fefad99000 	C:\windows\system32\WSOCK32.dll
0x000007fefd750000 - 0x000007fefd79d000 	C:\windows\system32\WS2_32.dll
0x000007fefdb80000 - 0x000007fefdb88000 	C:\windows\system32\NSI.dll
0x000007fefb380000 - 0x000007fefb3bb000 	C:\windows\system32\WINMM.dll
0x0000000076ec0000 - 0x0000000076ec7000 	C:\windows\system32\PSAPI.DLL
0x000000006eab0000 - 0x000000006eabf000 	C:\Program Files\Java\jdk1.7.0_13\jre\bin\verify.dll
0x000000006bf70000 - 0x000000006bf98000 	C:\Program Files\Java\jdk1.7.0_13\jre\bin\java.dll
0x000000006c730000 - 0x000000006c745000 	C:\Program Files\Java\jdk1.7.0_13\jre\bin\zip.dll
0x000000006bfb0000 - 0x000000006bfc9000 	C:\Program Files\Java\jdk1.7.0_13\jre\bin\net.dll
0x000007fefc970000 - 0x000007fefc9c5000 	C:\windows\system32\mswsock.dll
0x000007fefc960000 - 0x000007fefc967000 	C:\windows\System32\wship6.dll
0x000000006bdf0000 - 0x000000006be01000 	C:\Program Files\Java\jdk1.7.0_13\jre\bin\nio.dll

VM Arguments:
jvm_args: -Xmx1024M -Dfile.encoding=windows-1251 -Duser.country=RU -Duser.language=ru -Duser.variant 
java_command: com.android.dx.command.Main --dex --output D:\Programming\AndroidStudio_projects\CloudTest01\app\build\intermediates\pre-dexed\debug\internal_impl-22.2.1-1bb275961610dcfe2924844370704faefe3be286.jar D:\Programming\AndroidStudio_projects\CloudTest01\app\build\intermediates\exploded-aar\com.android.support\support-v4\22.2.1\jars\libs\internal_impl-22.2.1.jar
Launcher Type: SUN_STANDARD

Environment Variables:
JAVA_HOME=C:\Program Files\Java\jdk1.7.0_13
PATH=C:\ProgramData\Oracle\Java\javapath;C:\Program Files (x86)\NVIDIA Corporation\PhysX\Common;C:\Program Files (x86)\Common Files\Intel\Shared Libraries\redist\intel64\mpirt;C:\Program Files (x86)\Common Files\Intel\Shared Libraries\redist\ia32\mpirt;C:\Program Files (x86)\Common Files\Intel\Shared Libraries\redist\intel64\compiler;C:\Program Files (x86)\Common Files\Intel\Shared Libraries\redist\ia32\compiler;C:\Program Files\Common Files\Microsoft Shared\Windows Live;C:\Program Files (x86)\Common Files\Microsoft Shared\Windows Live;C:\windows\system32;C:\windows;C:\windows\System32\Wbem;C:\windows\System32\WindowsPowerShell\v1.0\;C:\Program Files\Intel\WiFi\bin\;C:\Program Files\Common Files\Intel\WirelessCommon\;C:\Program Files (x86)\Windows Live\Shared;c:\Program Files (x86)\Microsoft SQL Server\100\Tools\Binn\;c:\Program Files\Microsoft SQL Server\100\Tools\Binn\;c:\Program Files\Microsoft SQL Server\100\DTS\Binn\;C:\Program Files (x86)\Programming\CodeBlocks\MinGW\bin;C:\Program Files (x86)\Programming\CMake 2.8\bin;D:\Programming\MiKTex\miktex\bin\x64\;C:\Program Files (x86)\Intel\OpenCL SDK\2.0\bin\x86;C:\Program Files (x86)\Intel\OpenCL SDK\2.0\bin\x64;c:\Program Files (x86)\Microsoft SQL Server\100\Tools\Binn\VSShell\Common7\IDE\;c:\Program Files (x86)\Microsoft SQL Server\100\DTS\Binn\;C:\Program Files (x86)\Inkscape;C:\Program Files\Maple 16\bin.X86_64_WINDOWS\;C:\Program Files\MATLAB\R2014a\runtime\win64;C:\Program Files\MATLAB\R2014a\bin;C:\Program Files\MATLAB\R2014a\polyspace\bin;C:\Program Files\Java\jdk1.7.0_13\bin;C:\Program Files (x86)\Git\cmd
USERNAME=Sovan
OS=Windows_NT
PROCESSOR_IDENTIFIER=Intel64 Family 6 Model 42 Stepping 7, GenuineIntel



---------------  S Y S T E M  ---------------

OS: Windows 7 , 64 bit Build 7601 Service Pack 1

CPU:total 4 (2 cores per cpu, 2 threads per core) family 6 model 42 stepping 7, cmov, cx8, fxsr, mmx, sse, sse2, sse3, ssse3, sse4.1, sse4.2, popcnt, avx, ht, tsc, tscinvbit

Memory: 4k page, physical 4098152k(372400k free), swap 6517904k(16320k free)

vm_info: Java HotSpot(TM) 64-Bit Server VM (23.7-b01) for windows-amd64 JRE (1.7.0_13-b20), built on Jan 30 2013 10:10:00 by "java_re" with unknown MS VC++:1600

time: Sat Oct 10 18:10:36 2015
elapsed time: 10 seconds

